#
# There is insufficient memory for the Java Runtime Environment to continue.
# Native memory allocation (malloc) failed to allocate 1048576 bytes for AllocateHeap
# Possible reasons:
#   The system is out of physical RAM or swap space
#   The process is running with CompressedOops enabled, and the Java Heap may be blocking the growth of the native heap
# Possible solutions:
#   Reduce memory load on the system
#   Increase physical memory or swap space
#   Check if swap backing store is full
#   Decrease Java heap size (-Xmx/-Xms)
#   Decrease number of Java threads
#   Decrease Java thread stack sizes (-Xss)
#   Set larger code cache with -XX:ReservedCodeCacheSize=
#   JVM is running with Unscaled Compressed Oops mode in which the Java heap is
#     placed in the first 4GB address space. The Java Heap base address is the
#     maximum limit for the native heap growth. Please use -XX:HeapBaseMinAddress
#     to set the Java Heap base and to place the Java Heap above 4GB virtual address.
# This output file may be truncated or incomplete.
#
#  Out of Memory Error (memory/allocation.inline.hpp:61), pid=4440, tid=0x0000000000002f54
#
# JRE version:  (8.0_242-b01) (build )
# Java VM: OpenJDK 64-Bit Server VM (25.242-b01 mixed mode windows-amd64 compressed oops)
# Failed to write core dump. Minidumps are not enabled by default on client versions of Windows
#

---------------  T H R E A D  ---------------

Current thread (0x0000000003282800):  JavaThread "Unknown thread" [_thread_in_vm, id=12116, stack(0x00000000030c0000,0x00000000031c0000)]

Stack: [0x00000000030c0000,0x00000000031c0000]
[error occurred during error reporting (printing stack bounds), id 0xc0000005]

Native frames: (J=compiled Java code, j=interpreted, Vv=VM code, C=native code)


---------------  P R O C E S S  ---------------

Java Threads: ( => current thread )

Other Threads:

=>0x0000000003282800 (exited) JavaThread "Unknown thread" [_thread_in_vm, id=12116, stack(0x00000000030c0000,0x00000000031c0000)]

VM state:not at safepoint (normal execution)

VM Mutex/Monitor currently owned by a thread: None

heap address: 0x0000000082400000, size: 2012 MB, Compressed Oops mode: 32-bit
Narrow klass base: 0x0000000000000000, Narrow klass shift: 3
Compressed class space size: 1073741824 Address: 0x0000000100000000

Heap:
 PSYoungGen      total 37888K, used 655K [0x00000000d6180000, 0x00000000d8b80000, 0x0000000100000000)
  eden space 32768K, 2% used [0x00000000d6180000,0x00000000d6223d80,0x00000000d8180000)
  from space 5120K, 0% used [0x00000000d8680000,0x00000000d8680000,0x00000000d8b80000)
  to   space 5120K, 0% used [0x00000000d8180000,0x00000000d8180000,0x00000000d8680000)
 ParOldGen       total 86016K, used 0K [0x0000000082400000, 0x0000000087800000, 0x00000000d6180000)
  object space 86016K, 0% used [0x0000000082400000,0x0000000082400000,0x0000000087800000)
 Metaspace       used 779K, capacity 4480K, committed 4480K, reserved 1056768K
  class space    used 74K, capacity 384K, committed 384K, reserved 1048576K

Card table byte_map: [0x0000000012740000,0x0000000012b30000] byte_map_base: 0x000000001232e000

Marking Bits: (ParMarkBitMap*) 0x000000006980f030
 Begin Bits: [0x00000000135d0000, 0x0000000015540000)
 End Bits:   [0x0000000015540000, 0x00000000174b0000)

Polling page: 0x0000000002d00000

CodeCache: size=245760Kb used=328Kb max_used=328Kb free=245431Kb
 bounds [0x0000000003380000, 0x00000000035f0000, 0x0000000012380000]
 total_blobs=57 nmethods=0 adapters=38
 compilation: enabled

Compilation events (0 events):
No events

GC Heap History (0 events):
No events

Deoptimization events (0 events):
No events

Classes redefined (0 events):
No events

Internal exceptions (0 events):
No events

Events (10 events):
Event: 0.020 loading class java/lang/Short
Event: 0.020 loading class java/lang/Short done
Event: 0.020 loading class java/lang/Integer
Event: 0.020 loading class java/lang/Integer done
Event: 0.020 loading class java/lang/Long
Event: 0.020 loading class java/lang/Long done
Event: 0.021 loading class java/lang/NullPointerException
Event: 0.021 loading class java/lang/NullPointerException done
Event: 0.021 loading class java/lang/ArithmeticException
Event: 0.021 loading class java/lang/ArithmeticException done


Dynamic libraries:
0x00007ff7f3f40000 - 0x00007ff7f3f71000 	C:\Program Files\Android\Android Studio\jre\jre\bin\java.exe
0x00007fface3f0000 - 0x00007fface5e6000 	C:\WINDOWS\SYSTEM32\ntdll.dll
0x00007ffacd560000 - 0x00007ffacd61d000 	C:\WINDOWS\System32\KERNEL32.DLL
0x00007ffacbb30000 - 0x00007ffacbdf9000 	C:\WINDOWS\System32\KERNELBASE.dll
0x00007ffacc770000 - 0x00007ffacc81c000 	C:\WINDOWS\System32\ADVAPI32.dll
0x00007ffacc6d0000 - 0x00007ffacc76e000 	C:\WINDOWS\System32\msvcrt.dll
0x00007ffacd4c0000 - 0x00007ffacd55c000 	C:\WINDOWS\System32\sechost.dll
0x00007fface270000 - 0x00007fface39b000 	C:\WINDOWS\System32\RPCRT4.dll
0x00007ffaccf70000 - 0x00007ffacd110000 	C:\WINDOWS\System32\USER32.dll
0x00007ffacc1a0000 - 0x00007ffacc1c2000 	C:\WINDOWS\System32\win32u.dll
0x00007ffacd470000 - 0x00007ffacd49a000 	C:\WINDOWS\System32\GDI32.dll
0x00007ffacc2c0000 - 0x00007ffacc3cb000 	C:\WINDOWS\System32\gdi32full.dll
0x00007ffacc220000 - 0x00007ffacc2bd000 	C:\WINDOWS\System32\msvcp_win.dll
0x00007ffacbf10000 - 0x00007ffacc010000 	C:\WINDOWS\System32\ucrtbase.dll
0x00007ffab5af0000 - 0x00007ffab5d8b000 	C:\WINDOWS\WinSxS\amd64_microsoft.windows.common-controls_6595b64144ccf1df_6.0.19041.746_none_ca02b4b61b8320a4\COMCTL32.dll
0x00007ffacdc20000 - 0x00007ffacdc50000 	C:\WINDOWS\System32\IMM32.DLL
0x0000000068e80000 - 0x0000000068f52000 	C:\Program Files\Android\Android Studio\jre\jre\bin\msvcr100.dll
0x0000000069040000 - 0x000000006988b000 	C:\Program Files\Android\Android Studio\jre\jre\bin\server\jvm.dll
0x00007fface3a0000 - 0x00007fface3a8000 	C:\WINDOWS\System32\PSAPI.DLL
0x00007ffab8b20000 - 0x00007ffab8b47000 	C:\WINDOWS\SYSTEM32\WINMM.dll
0x00007ffab48d0000 - 0x00007ffab48d9000 	C:\WINDOWS\SYSTEM32\WSOCK32.dll
0x00007ffabc0f0000 - 0x00007ffabc0fa000 	C:\WINDOWS\SYSTEM32\VERSION.dll
0x00007ffacdeb0000 - 0x00007ffacdf1b000 	C:\WINDOWS\System32\WS2_32.dll
0x00007ffac26a0000 - 0x00007ffac26af000 	C:\Program Files\Android\Android Studio\jre\jre\bin\verify.dll
0x00007ffac1550000 - 0x00007ffac1579000 	C:\Program Files\Android\Android Studio\jre\jre\bin\java.dll
0x00007ffac1f90000 - 0x00007ffac1fa6000 	C:\Program Files\Android\Android Studio\jre\jre\bin\zip.dll

VM Arguments:
java_command: org.jetbrains.git4idea.http.GitAskPassApp Username for 'https://github.com': 
java_class_path (initial): C:/Program Files/Android/Android Studio/plugins/git4idea/lib/git4idea-rt.jar;C:/Program Files/Android/Android Studio/lib/xmlrpc-2.0.1.jar;C:/Program Files/Android/Android Studio/lib/commons-codec-1.13.jar;C:/Program Files/Android/Android Studio/lib/util.jar
Launcher Type: SUN_STANDARD

Environment Variables:
JAVA_HOME=C:\Program Files\Java\jdk1.8.0_241
PATH=C:\Program Files\Git\mingw64\libexec\git-core;C:\Program Files\Git\mingw64\libexec\git-core;C:\Program Files\Git\mingw64\bin;C:\Program Files\Git\usr\bin;C:\Users\Suemin\bin;C:\Program Files (x86)\Common Files\Oracle\Java\javapath;C:\WINDOWS\system32;C:\WINDOWS;C:\WINDOWS\System32\Wbem;C:\WINDOWS\System32\WindowsPowerShell\v1.0;C:\WINDOWS\System32\OpenSSH;C:\Program Files\Intel\WiFi\bin;C:\Program Files\Common Files\Intel\WirelessCommon;C:\Program Files (x86)\Intel\Intel(R) Management Engine Components\DAL;C:\Program Files\Intel\Intel(R) Management Engine Components\DAL;C:\Program Files\010 Editor;%QUARTUS_ROOTDIR%\bin;C:\Program Files\Java\jdk1.8.0_241\bin;C:\Program Files\nodejs;C:\ProgramData\chocolatey\bin;C:\Program Files\Git\cmd;C:\Program Files (x86)\Yarn\bin;C:\Program Files\PuTTY;C:\Users\Suemin\AppData\Local\Programs\Python\Python38-32\Scripts;C:\Users\Suemin\AppData\Local\Programs\Python\Python38-32;C:\Users\Suemin\AppData\Local\Microsoft\WindowsApps;C:\Program Files\JetBrains\PyCharm Community Edition 2019.1.1\bin;C:\Program Files\Bandizip;C:\Users\Suemin\AppData\Local\atom\bin;C:\Users\Suemin\AppData\Roaming\npm;C:\Users\Suemin\AppData\Local\Programs\Microsoft VS Code\bin;C:\Users\Suemin\AppData\Local\Yarn\bin;C:\Program Files\heroku\bin;%USERPROFILE%\AppData\Local\Microsoft\WindowsApps
USERNAME=Suemin
DISPLAY=:0.0
OS=Windows_NT
PROCESSOR_IDENTIFIER=Intel64 Family 6 Model 142 Stepping 10, GenuineIntel



---------------  S Y S T E M  ---------------

OS: Windows 10.0 , 64 bit Build 19041 (10.0.19041.804)

CPU:total 8 (initial active 8) (4 cores per cpu, 2 threads per core) family 6 model 142 stepping 10, cmov, cx8, fxsr, mmx, sse, sse2, sse3, ssse3, sse4.1, sse4.2, popcnt, avx, avx2, aes, clmul, erms, 3dnowpref, lzcnt, ht, tsc, tscinvbit, bmi1, bmi2, adx

Memory: 4k page, physical 8239984k(1449164k free), swap 10186608k(5700k free)

vm_info: OpenJDK 64-Bit Server VM (25.242-b01) for windows-amd64 JRE (1.8.0_242-release-1644-b01), built by "builder" with MS VC++ 10.0 (VS2010)

time: Thu Mar 04 16:50:10 2021
timezone: 대한민국 표준시
elapsed time: 0 seconds (0d 0h 0m 0s)

